<?xml version="1.0" encoding="UTF-8"?>
<testsuite name="firstMvnCucumberTest.TestRunner" tests="0" skipped="0" failures="0" errors="0" timestamp="1970-01-01T00:00:00" hostname="sys" time="0.0">
  <properties/>
  <system-out><![CDATA[Feature: validate

  @sample
  Scenario Outline: Sceanario1 ?[90m# src/test/java/features/firstFeature.feature:4?[0m
    ?[36mGiven Launch application "<URL>"?[0m
    ?[36mWhen Enter userName "<userName>"?[0m
    ?[36mThen Enter pwdName "<password>"?[0m

    Examples: 

  @sample
  Scenario Outline: Sceanario1                                                        ?[90m# src/test/java/features/firstFeature.feature:11?[0m

1 Scenarios (?[32m1 passed?[0m)
3 Steps (?[32m3 passed?[0m)
0m42.695s

]]></system-out>
  <system-err><![CDATA[]]></system-err>
</testsuite>
